2025-07-14 02:43:03 - src.api_manager - ERROR - Помилка запиту (спроба 1/3): HTTPSConnectionPool(host='api-demo.bybit.com', port=443): Read timed out. (read timeout=10)
2025-07-14 02:45:10 - src.api_manager - ERROR - Помилка запиту (спроба 1/3): HTTPSConnectionPool(host='api-demo.bybit.com', port=443): Read timed out. (read timeout=10)
2025-07-14 05:10:25 - __main__ - ERROR - Фінальна кількість для закриття BTCUSDT нульова ('0.000'). Ордер не буде розміщено. Початкова кількість для закриття: 0.00030000
2025-07-14 09:10:24 - src.api_manager - ERROR - Помилка запиту (спроба 1/3): current position is zero, cannot fix reduce-only order qty (ErrCode: 110017) (ErrTime: 06:10:24).
Request → POST https://api-demo.bybit.com/v5/order/create: {"category": "linear", "symbol": "LTCUSDT", "side": "Sell", "orderType": "Market", "qty": "0.3", "reduceOnly": true, "positionIdx": 0}.
2025-07-14 09:10:25 - src.api_manager - ERROR - Помилка запиту (спроба 2/3): current position is zero, cannot fix reduce-only order qty (ErrCode: 110017) (ErrTime: 06:10:25).
Request → POST https://api-demo.bybit.com/v5/order/create: {"category": "linear", "symbol": "LTCUSDT", "side": "Sell", "orderType": "Market", "qty": "0.3", "reduceOnly": true, "positionIdx": 0}.
2025-07-14 09:10:28 - src.api_manager - ERROR - Помилка запиту (спроба 3/3): current position is zero, cannot fix reduce-only order qty (ErrCode: 110017) (ErrTime: 06:10:28).
Request → POST https://api-demo.bybit.com/v5/order/create: {"category": "linear", "symbol": "LTCUSDT", "side": "Sell", "orderType": "Market", "qty": "0.3", "reduceOnly": true, "positionIdx": 0}.
2025-07-14 09:10:28 - src.api_manager - ERROR - Критична помилка розміщення reduce-only ордера для LTCUSDT: current position is zero, cannot fix reduce-only order qty (ErrCode: 110017) (ErrTime: 06:10:28).
Request → POST https://api-demo.bybit.com/v5/order/create: {"category": "linear", "symbol": "LTCUSDT", "side": "Sell", "orderType": "Market", "qty": "0.3", "reduceOnly": true, "positionIdx": 0}.
Traceback (most recent call last):
  File "C:\bot\src\api_manager.py", line 1759, in place_reduce_order
    result = await self._make_request_with_retry(
             ^^^^^^^^^^^^^^^^^^^^^^^^^^^^^^^^^^^^
    ...<2 lines>...
    )
    ^
  File "C:\bot\src\api_manager.py", line 323, in _make_request_with_retry
    raise last_exception  # Піднімаємо останній виняток
    ^^^^^^^^^^^^^^^^^^^^
  File "C:\bot\src\api_manager.py", line 241, in _make_request_with_retry
    result = request_func(*args, **kwargs)
  File "C:\bot\venv\Lib\site-packages\pybit\_v5_trade.py", line 21, in place_order
    return self._submit_request(
           ~~~~~~~~~~~~~~~~~~~~^
        method="POST",
        ^^^^^^^^^^^^^^
    ...<2 lines>...
        auth=True,
        ^^^^^^^^^^
    )
    ^
  File "C:\bot\venv\Lib\site-packages\pybit\_http_manager.py", line 379, in _submit_request
    raise InvalidRequestError(
    ...<5 lines>...
    )
pybit.exceptions.InvalidRequestError: current position is zero, cannot fix reduce-only order qty (ErrCode: 110017) (ErrTime: 06:10:28).
Request → POST https://api-demo.bybit.com/v5/order/create: {"category": "linear", "symbol": "LTCUSDT", "side": "Sell", "orderType": "Market", "qty": "0.3", "reduceOnly": true, "positionIdx": 0}.
